Using pre-set license
Built from '2020.3/staging' branch; Version is '2020.3.26f1 (7298b473bc1a) revision 7510196'; Using compiler version '192528614'; Build Type 'Release'
OS: 'Windows 10  (10.0.19042) 64bit Enterprise' Language: 'en' Physical Memory: 32669 MB
BatchMode: 1, IsHumanControllingUs: 0, StartBugReporterOnCrash: 0, Is64bit: 1, IsPro: 0

COMMAND LINE ARGUMENTS:
D:\Program Files\Unity\2020.3.26f1\Editor\Unity.exe
-adb2
-batchMode
-noUpm
-name
AssetImportWorker0
-projectPath
D:/Students/Tyrese Peoples/Jewel-Theif/Jewel Thief
-logFile
Logs/AssetImportWorker0.log
-srvPort
54225
Successfully changed project path to: D:/Students/Tyrese Peoples/Jewel-Theif/Jewel Thief
D:/Students/Tyrese Peoples/Jewel-Theif/Jewel Thief
Using Asset Import Pipeline V2.
Refreshing native plugins compatible for Editor in 33.70 ms, found 2 plugins.
Preloading 0 native plugins for Editor in 0.00 ms.
Initialize engine version: 2020.3.26f1 (7298b473bc1a)
[Subsystems] Discovering subsystems at path D:/Program Files/Unity/2020.3.26f1/Editor/Data/Resources/UnitySubsystems
[Subsystems] Discovering subsystems at path D:/Students/Tyrese Peoples/Jewel-Theif/Jewel Thief/Assets
GfxDevice: creating device client; threaded=0
Direct3D:
    Version:  Direct3D 11.0 [level 11.1]
    Renderer: NVIDIA GeForce GTX 1080 (ID=0x1b80)
    Vendor:   
    VRAM:     8079 MB
    Driver:   30.0.15.1123
Initialize mono
Mono path[0] = 'D:/Program Files/Unity/2020.3.26f1/Editor/Data/Managed'
Mono path[1] = 'D:/Program Files/Unity/2020.3.26f1/Editor/Data/MonoBleedingEdge/lib/mono/unityjit'
Mono config path = 'D:/Program Files/Unity/2020.3.26f1/Editor/Data/MonoBleedingEdge/etc'
Using monoOptions --debugger-agent=transport=dt_socket,embedding=1,server=y,suspend=n,address=127.0.0.1:56472
Begin MonoManager ReloadAssembly
Registering precompiled unity dll's ...
Register platform support module: D:/Program Files/Unity/2020.3.26f1/Editor/Data/PlaybackEngines/WebGLSupport/UnityEditor.WebGL.Extensions.dll
Register platform support module: D:/Program Files/Unity/2020.3.26f1/Editor/Data/PlaybackEngines/WindowsStandaloneSupport/UnityEditor.WindowsStandalone.Extensions.dll
Registered in 0.001239 seconds.
Native extension for WindowsStandalone target not found
Native extension for WebGL target not found
Refreshing native plugins compatible for Editor in 26.27 ms, found 2 plugins.
Preloading 0 native plugins for Editor in 0.00 ms.
Mono: successfully reloaded assembly
- Completed reload, in  0.526 seconds
Domain Reload Profiling:
	ReloadAssembly (526ms)
		BeginReloadAssembly (49ms)
			ExecutionOrderSort (0ms)
			DisableScriptedObjects (0ms)
			BackupInstance (0ms)
			ReleaseScriptingObjects (0ms)
			CreateAndSetChildDomain (1ms)
		EndReloadAssembly (415ms)
			LoadAssemblies (48ms)
			RebuildTransferFunctionScriptingTraits (0ms)
			SetupTypeCache (147ms)
			ReleaseScriptCaches (0ms)
			RebuildScriptCaches (28ms)
			SetupLoadedEditorAssemblies (147ms)
				LogAssemblyErrors (0ms)
				InitializePlatformSupportModulesInManaged (4ms)
				SetLoadedEditorAssemblies (0ms)
				RefreshPlugins (26ms)
				BeforeProcessingInitializeOnLoad (16ms)
				ProcessInitializeOnLoadAttributes (74ms)
				ProcessInitializeOnLoadMethodAttributes (27ms)
				AfterProcessingInitializeOnLoad (0ms)
				EditorAssembliesLoaded (0ms)
			ExecutionOrderSort2 (0ms)
			AwakeInstancesAfterBackupRestoration (0ms)
Platform modules already initialized, skipping
Registering precompiled user dll's ...
Registered in 0.003266 seconds.
Begin MonoManager ReloadAssembly
Native extension for WindowsStandalone target not found
Native extension for WebGL target not found
Refreshing native plugins compatible for Editor in 0.30 ms, found 2 plugins.
Preloading 0 native plugins for Editor in 0.00 ms.
Mono: successfully reloaded assembly
- Completed reload, in  0.906 seconds
Domain Reload Profiling:
	ReloadAssembly (907ms)
		BeginReloadAssembly (128ms)
			ExecutionOrderSort (0ms)
			DisableScriptedObjects (4ms)
			BackupInstance (0ms)
			ReleaseScriptingObjects (0ms)
			CreateAndSetChildDomain (17ms)
		EndReloadAssembly (728ms)
			LoadAssemblies (75ms)
			RebuildTransferFunctionScriptingTraits (0ms)
			SetupTypeCache (262ms)
			ReleaseScriptCaches (0ms)
			RebuildScriptCaches (38ms)
			SetupLoadedEditorAssemblies (272ms)
				LogAssemblyErrors (0ms)
				InitializePlatformSupportModulesInManaged (5ms)
				SetLoadedEditorAssemblies (0ms)
				RefreshPlugins (0ms)
				BeforeProcessingInitializeOnLoad (67ms)
				ProcessInitializeOnLoadAttributes (190ms)
				ProcessInitializeOnLoadMethodAttributes (8ms)
				AfterProcessingInitializeOnLoad (2ms)
				EditorAssembliesLoaded (0ms)
			ExecutionOrderSort2 (0ms)
			AwakeInstancesAfterBackupRestoration (5ms)
Platform modules already initialized, skipping
========================================================================
Worker process is ready to serve import requests
Launched and connected shader compiler UnityShaderCompiler.exe after 0.06 seconds
Refreshing native plugins compatible for Editor in 0.29 ms, found 2 plugins.
Preloading 0 native plugins for Editor in 0.00 ms.
Unloading 1503 Unused Serialized files (Serialized files now loaded: 0)
System memory in use before: 67.5 MB.
System memory in use after: 67.6 MB.

Unloading 19 unused Assets to reduce memory usage. Loaded Objects now: 1935.
Total: 2.826900 ms (FindLiveObjects: 0.152200 ms CreateObjectMapping: 0.046700 ms MarkObjects: 2.551400 ms  DeleteObjects: 0.075600 ms)

AssetImportParameters requested are different than current active one (requested -> active):
  custom:framework-win-MediaFoundation: 216162199b28c13a410421893ffa2e32 -> 
  custom:video-decoder-ogg-theora: a1e56fd34408186e4bbccfd4996cb3dc -> 
  custom:container-muxer-webm: aa71ff27fc2769a1b78a27578f13a17b -> 
  custom:container-demuxer-webm: 4f35f7cbe854078d1ac9338744f61a02 -> 
  custom:container-demuxer-ogg: 62fdf1f143b41e24485cea50d1cbac27 -> 
  custom:video-encoder-webm-vp8: eb34c28f22e8b96e1ab97ce403110664 -> 
  custom:video-decoder-webm-vp8: 9c59270c3fd7afecdb556c50c9e8de78 -> 
  custom:audio-decoder-ogg-vorbis: bf7c407c2cedff20999df2af8eb42d56 -> 
  custom:audio-encoder-webm-vorbis: bf7c407c2cedff20999df2af8eb42d56 -> 
========================================================================
Received Import Request.
  path: Packages/com.unity.test-framework
  artifactKey: Guid(6023f2b823fc19b4e4a90875281ff117) Importer(815301076,1909f56bfc062723c751e8b465ee728b)
Start importing Packages/com.unity.test-framework using Guid(6023f2b823fc19b4e4a90875281ff117) Importer(815301076,1909f56bfc062723c751e8b465ee728b)  -> (artifact id: '7b3fecfc8d873fe96244889d860a7252') in 0.011596 seconds 
  Import took 0.014123 seconds .

========================================================================
Received Import Request.
  Time since last request: 2.189257 seconds.
  path: Assets/Scenes
  artifactKey: Guid(f493cdea382b25f41bf7dc141b68e1ab) Importer(815301076,1909f56bfc062723c751e8b465ee728b)
Start importing Assets/Scenes using Guid(f493cdea382b25f41bf7dc141b68e1ab) Importer(815301076,1909f56bfc062723c751e8b465ee728b)  -> (artifact id: '3cb0e26aa82d10ce3e487f50fefd965a') in 0.009037 seconds 
  Import took 0.011422 seconds .

========================================================================
Received Import Request.
  Time since last request: 6.680170 seconds.
  path: Assets
  artifactKey: Guid(00000000000000001000000000000000) Importer(815301076,1909f56bfc062723c751e8b465ee728b)
Start importing Assets using Guid(00000000000000001000000000000000) Importer(815301076,1909f56bfc062723c751e8b465ee728b)  -> (artifact id: '42d402b061de3733987d63b9cc3b64de') in 0.022804 seconds 
  Import took 0.025059 seconds .

========================================================================
Received Import Request.
  Time since last request: 7.290706 seconds.
  path: Assets/Script
  artifactKey: Guid(283ee6ad705514e48ae96d206af76435) Importer(815301076,1909f56bfc062723c751e8b465ee728b)
Start importing Assets/Script using Guid(283ee6ad705514e48ae96d206af76435) Importer(815301076,1909f56bfc062723c751e8b465ee728b)  -> (artifact id: 'f598e90cb5f42eefe32d4dc0d552ba0a') in 0.008069 seconds 
  Import took 0.010275 seconds .

========================================================================
Received Import Request.
  Time since last request: 7.807400 seconds.
  path: Assets/Scripts
  artifactKey: Guid(283ee6ad705514e48ae96d206af76435) Importer(815301076,1909f56bfc062723c751e8b465ee728b)
Start importing Assets/Scripts using Guid(283ee6ad705514e48ae96d206af76435) Importer(815301076,1909f56bfc062723c751e8b465ee728b)  -> (artifact id: '8a0236c9930acf30998dc70b815422fd') in 0.005443 seconds 
  Import took 0.007493 seconds .

========================================================================
Received Import Request.
  Time since last request: 6.851653 seconds.
  path: Assets/Scripts/random.cs
  artifactKey: Guid(81e119982c9890446bea173d1763fb99) Importer(815301076,1909f56bfc062723c751e8b465ee728b)
Start importing Assets/Scripts/random.cs using Guid(81e119982c9890446bea173d1763fb99) Importer(815301076,1909f56bfc062723c751e8b465ee728b)  -> (artifact id: 'baf61be616b096f7eb7de80f423f26a6') in 0.092319 seconds 
  Import took 0.094561 seconds .

========================================================================
Received Prepare
Registering precompiled user dll's ...
Registered in 0.141160 seconds.
Begin MonoManager ReloadAssembly
Native extension for WindowsStandalone target not found
Native extension for WebGL target not found
Refreshing native plugins compatible for Editor in 0.29 ms, found 2 plugins.
Preloading 0 native plugins for Editor in 0.00 ms.
Mono: successfully reloaded assembly
- Completed reload, in  0.880 seconds
Domain Reload Profiling:
	ReloadAssembly (881ms)
		BeginReloadAssembly (117ms)
			ExecutionOrderSort (0ms)
			DisableScriptedObjects (4ms)
			BackupInstance (0ms)
			ReleaseScriptingObjects (0ms)
			CreateAndSetChildDomain (35ms)
		EndReloadAssembly (712ms)
			LoadAssemblies (74ms)
			RebuildTransferFunctionScriptingTraits (0ms)
			SetupTypeCache (257ms)
			ReleaseScriptCaches (1ms)
			RebuildScriptCaches (35ms)
			SetupLoadedEditorAssemblies (255ms)
				LogAssemblyErrors (0ms)
				InitializePlatformSupportModulesInManaged (5ms)
				SetLoadedEditorAssemblies (0ms)
				RefreshPlugins (0ms)
				BeforeProcessingInitializeOnLoad (65ms)
				ProcessInitializeOnLoadAttributes (174ms)
				ProcessInitializeOnLoadMethodAttributes (8ms)
				AfterProcessingInitializeOnLoad (2ms)
				EditorAssembliesLoaded (0ms)
			ExecutionOrderSort2 (0ms)
			AwakeInstancesAfterBackupRestoration (6ms)
Platform modules already initialized, skipping
Refreshing native plugins compatible for Editor in 0.34 ms, found 2 plugins.
Preloading 0 native plugins for Editor in 0.00 ms.
Unloading 1498 Unused Serialized files (Serialized files now loaded: 0)
System memory in use before: 67.4 MB.
System memory in use after: 67.5 MB.

Unloading 14 unused Assets to reduce memory usage. Loaded Objects now: 1938.
Total: 2.351100 ms (FindLiveObjects: 0.122300 ms CreateObjectMapping: 0.036700 ms MarkObjects: 2.176200 ms  DeleteObjects: 0.015100 ms)

AssetImportParameters requested are different than current active one (requested -> active):
  custom:framework-win-MediaFoundation: 216162199b28c13a410421893ffa2e32 -> 
  custom:video-decoder-ogg-theora: a1e56fd34408186e4bbccfd4996cb3dc -> 
  custom:container-muxer-webm: aa71ff27fc2769a1b78a27578f13a17b -> 
  custom:container-demuxer-webm: 4f35f7cbe854078d1ac9338744f61a02 -> 
  custom:container-demuxer-ogg: 62fdf1f143b41e24485cea50d1cbac27 -> 
  custom:video-encoder-webm-vp8: eb34c28f22e8b96e1ab97ce403110664 -> 
  custom:video-decoder-webm-vp8: 9c59270c3fd7afecdb556c50c9e8de78 -> 
  custom:audio-decoder-ogg-vorbis: bf7c407c2cedff20999df2af8eb42d56 -> 
  custom:audio-encoder-webm-vorbis: bf7c407c2cedff20999df2af8eb42d56 -> 
========================================================================
Received Prepare
Registering precompiled user dll's ...
Registered in 0.002833 seconds.
Begin MonoManager ReloadAssembly
Native extension for WindowsStandalone target not found
Native extension for WebGL target not found
Refreshing native plugins compatible for Editor in 0.29 ms, found 2 plugins.
Preloading 0 native plugins for Editor in 0.00 ms.
Mono: successfully reloaded assembly
- Completed reload, in  0.843 seconds
Domain Reload Profiling:
	ReloadAssembly (843ms)
		BeginReloadAssembly (98ms)
			ExecutionOrderSort (0ms)
			DisableScriptedObjects (5ms)
			BackupInstance (0ms)
			ReleaseScriptingObjects (0ms)
			CreateAndSetChildDomain (28ms)
		EndReloadAssembly (693ms)
			LoadAssemblies (73ms)
			RebuildTransferFunctionScriptingTraits (0ms)
			SetupTypeCache (248ms)
			ReleaseScriptCaches (1ms)
			RebuildScriptCaches (33ms)
			SetupLoadedEditorAssemblies (252ms)
				LogAssemblyErrors (0ms)
				InitializePlatformSupportModulesInManaged (5ms)
				SetLoadedEditorAssemblies (0ms)
				RefreshPlugins (0ms)
				BeforeProcessingInitializeOnLoad (65ms)
				ProcessInitializeOnLoadAttributes (171ms)
				ProcessInitializeOnLoadMethodAttributes (7ms)
				AfterProcessingInitializeOnLoad (3ms)
				EditorAssembliesLoaded (0ms)
			ExecutionOrderSort2 (0ms)
			AwakeInstancesAfterBackupRestoration (6ms)
Platform modules already initialized, skipping
Refreshing native plugins compatible for Editor in 0.49 ms, found 2 plugins.
Preloading 0 native plugins for Editor in 0.00 ms.
Unloading 1497 Unused Serialized files (Serialized files now loaded: 0)
System memory in use before: 67.4 MB.
System memory in use after: 67.5 MB.

Unloading 15 unused Assets to reduce memory usage. Loaded Objects now: 1939.
Total: 2.553600 ms (FindLiveObjects: 0.103700 ms CreateObjectMapping: 0.035500 ms MarkObjects: 2.399800 ms  DeleteObjects: 0.013700 ms)

AssetImportParameters requested are different than current active one (requested -> active):
  custom:framework-win-MediaFoundation: 216162199b28c13a410421893ffa2e32 -> 
  custom:video-decoder-ogg-theora: a1e56fd34408186e4bbccfd4996cb3dc -> 
  custom:container-muxer-webm: aa71ff27fc2769a1b78a27578f13a17b -> 
  custom:container-demuxer-webm: 4f35f7cbe854078d1ac9338744f61a02 -> 
  custom:container-demuxer-ogg: 62fdf1f143b41e24485cea50d1cbac27 -> 
  custom:video-encoder-webm-vp8: eb34c28f22e8b96e1ab97ce403110664 -> 
  custom:video-decoder-webm-vp8: 9c59270c3fd7afecdb556c50c9e8de78 -> 
  custom:audio-decoder-ogg-vorbis: bf7c407c2cedff20999df2af8eb42d56 -> 
  custom:audio-encoder-webm-vorbis: bf7c407c2cedff20999df2af8eb42d56 -> 
========================================================================
Received Import Request.
  Time since last request: 5951.276030 seconds.
  path: Assets/Prefabs
  artifactKey: Guid(5f681fd20fadf664fbea255544ec66fa) Importer(815301076,1909f56bfc062723c751e8b465ee728b)
Start importing Assets/Prefabs using Guid(5f681fd20fadf664fbea255544ec66fa) Importer(815301076,1909f56bfc062723c751e8b465ee728b)  -> (artifact id: '799101d345d090ac4a9667a4478d38b3') in 0.010353 seconds 
  Import took 0.012957 seconds .

========================================================================
Received Import Request.
  Time since last request: 11.413505 seconds.
  path: Assets/Materials
  artifactKey: Guid(a53476594614ab74bad013edb93446d4) Importer(815301076,1909f56bfc062723c751e8b465ee728b)
Start importing Assets/Materials using Guid(a53476594614ab74bad013edb93446d4) Importer(815301076,1909f56bfc062723c751e8b465ee728b)  -> (artifact id: 'a5ff33b40fc8738e54901f1cd0ddfd34') in 0.006599 seconds 
  Import took 0.008819 seconds .

========================================================================
Received Import Request.
  Time since last request: 323.942055 seconds.
  path: Assets/Scenes/SampleScene.unity
  artifactKey: Guid(9fc0d4010bbf28b4594072e72b8655ab) Importer(815301076,1909f56bfc062723c751e8b465ee728b)
Start importing Assets/Scenes/SampleScene.unity using Guid(9fc0d4010bbf28b4594072e72b8655ab) Importer(815301076,1909f56bfc062723c751e8b465ee728b)  -> (artifact id: '6f46235c3f9d986287a0949912f60f6a') in 0.015412 seconds 
  Import took 0.018030 seconds .

========================================================================
Received Import Request.
  Time since last request: 2.979500 seconds.
  path: Assets/Scenes/level001.unity
  artifactKey: Guid(b30f1b6b16c08674fba6e355f760faee) Importer(815301076,1909f56bfc062723c751e8b465ee728b)
Start importing Assets/Scenes/level001.unity using Guid(b30f1b6b16c08674fba6e355f760faee) Importer(815301076,1909f56bfc062723c751e8b465ee728b)  -> (artifact id: '0f9b85eeeaf9d2897d3ad43652090038') in 0.006641 seconds 
  Import took 0.008752 seconds .

========================================================================
Received Import Request.
  Time since last request: 434.823150 seconds.
  path: Assets/Textures
  artifactKey: Guid(ca03fcf43d579da4d9d169788ec3befe) Importer(815301076,1909f56bfc062723c751e8b465ee728b)
Start importing Assets/Textures using Guid(ca03fcf43d579da4d9d169788ec3befe) Importer(815301076,1909f56bfc062723c751e8b465ee728b)  -> (artifact id: '72a92c19ead5242a1182f34b35336f3d') in 0.007908 seconds 
  Import took 0.010125 seconds .

========================================================================
Received Import Request.
  Time since last request: 200.485310 seconds.
  path: Assets/Textures/tile stone 3d.sbsar
  artifactKey: Guid(b60a9ff38aeec7e4fab08a1880021d2d) Importer(815301076,1909f56bfc062723c751e8b465ee728b)
Start importing Assets/Textures/tile stone 3d.sbsar using Guid(b60a9ff38aeec7e4fab08a1880021d2d) Importer(815301076,1909f56bfc062723c751e8b465ee728b)  -> (artifact id: '20c2523df9f9222f53ed7700b15bd36e') in 0.010819 seconds 
  Import took 0.013248 seconds .

========================================================================
Received Import Request.
  Time since last request: 0.723437 seconds.
  path: Assets/Textures/tilessubstance002.sbsar
  artifactKey: Guid(b9662122407e5e84e96c5648ed1bf73d) Importer(815301076,1909f56bfc062723c751e8b465ee728b)
Start importing Assets/Textures/tilessubstance002.sbsar using Guid(b9662122407e5e84e96c5648ed1bf73d) Importer(815301076,1909f56bfc062723c751e8b465ee728b)  -> (artifact id: '5d004953bc778d597b834f7bad3f9134') in 0.007991 seconds 
  Import took 0.010635 seconds .

========================================================================
Received Import Request.
  Time since last request: 1754.421379 seconds.
  path: Assets/Characters
  artifactKey: Guid(601b7ac7d63680540a23d9084100fca7) Importer(815301076,1909f56bfc062723c751e8b465ee728b)
Start importing Assets/Characters using Guid(601b7ac7d63680540a23d9084100fca7) Importer(815301076,1909f56bfc062723c751e8b465ee728b)  -> (artifact id: '34a8090548829bb9f9db1568c6031163') in 0.006577 seconds 
  Import took 0.009002 seconds .

========================================================================
Received Import Request.
  Time since last request: 55.388935 seconds.
  path: Assets/Characters/Thief/textures
  artifactKey: Guid(79b0e4f9a4d79904b98e0413595f9a1b) Importer(815301076,1909f56bfc062723c751e8b465ee728b)
Start importing Assets/Characters/Thief/textures using Guid(79b0e4f9a4d79904b98e0413595f9a1b) Importer(815301076,1909f56bfc062723c751e8b465ee728b)  -> (artifact id: '8a89cb0ad75352619bdaac015ba19152') in 0.005996 seconds 
  Import took 0.008145 seconds .

========================================================================
Received Import Request.
  Time since last request: 0.963116 seconds.
  path: Assets/Characters/Thief/Ch24_nonPBR@Breathing Idle.fbx
  artifactKey: Guid(1d4d993e5fabb624e92aa45b2d28ac28) Importer(815301076,1909f56bfc062723c751e8b465ee728b)
Start importing Assets/Characters/Thief/Ch24_nonPBR@Breathing Idle.fbx using Guid(1d4d993e5fabb624e92aa45b2d28ac28) Importer(815301076,1909f56bfc062723c751e8b465ee728b)  -> (artifact id: '27d40620fdeedc9ec507fad10cb0af29') in 0.027939 seconds 
  Import took 0.030390 seconds .

========================================================================
Received Import Request.
  Time since last request: 1.546456 seconds.
  path: Assets/Characters/Thief/textures/Ch24_1001_Diffuse.png
  artifactKey: Guid(6f4c60e832cb7834b91f855b17555965) Importer(815301076,1909f56bfc062723c751e8b465ee728b)
Start importing Assets/Characters/Thief/textures/Ch24_1001_Diffuse.png using Guid(6f4c60e832cb7834b91f855b17555965) Importer(815301076,1909f56bfc062723c751e8b465ee728b)  -> (artifact id: '8416aa9e5d284f6c759f9655d1e5a8a2') in 0.207151 seconds 
  Import took 0.209277 seconds .

========================================================================
Received Import Request.
  Time since last request: 0.657628 seconds.
  path: Assets/Characters/Thief/textures/Ch24_1001_Glossiness.png
  artifactKey: Guid(8ee6fddc9a75aa548bb0a54614a6c291) Importer(815301076,1909f56bfc062723c751e8b465ee728b)
Start importing Assets/Characters/Thief/textures/Ch24_1001_Glossiness.png using Guid(8ee6fddc9a75aa548bb0a54614a6c291) Importer(815301076,1909f56bfc062723c751e8b465ee728b)  -> (artifact id: 'ab3122c1fe476b3cbb21f91bcf588fe5') in 0.015529 seconds 
  Import took 0.017738 seconds .

========================================================================
Received Import Request.
  Time since last request: 0.901759 seconds.
  path: Assets/Characters/Thief/textures/Ch24_1001_Normal.png
  artifactKey: Guid(98951fe2ca703ef4d8f78f429c44a927) Importer(815301076,1909f56bfc062723c751e8b465ee728b)
Start importing Assets/Characters/Thief/textures/Ch24_1001_Normal.png using Guid(98951fe2ca703ef4d8f78f429c44a927) Importer(815301076,1909f56bfc062723c751e8b465ee728b)  -> (artifact id: '7e08dd9d2d24f724f97fccc25f9f77e7') in 0.043902 seconds 
  Import took 0.046136 seconds .

========================================================================
Received Import Request.
  Time since last request: 0.752885 seconds.
  path: Assets/Characters/Thief/textures/Ch24_1001_Specular.png
  artifactKey: Guid(9a27d514e5ad3944db4806e653510aaf) Importer(815301076,1909f56bfc062723c751e8b465ee728b)
Start importing Assets/Characters/Thief/textures/Ch24_1001_Specular.png using Guid(9a27d514e5ad3944db4806e653510aaf) Importer(815301076,1909f56bfc062723c751e8b465ee728b)  -> (artifact id: '9457a56371902896f9da0bd11fe1075e') in 0.013159 seconds 
  Import took 0.015819 seconds .

========================================================================
Received Import Request.
  Time since last request: 9.140319 seconds.
  path: Assets/Characters/Thief/Ch24_nonPBR@Unarmed Jump Running.fbx
  artifactKey: Guid(dae19c76657d137478b716975b39a65e) Importer(815301076,1909f56bfc062723c751e8b465ee728b)
Start importing Assets/Characters/Thief/Ch24_nonPBR@Unarmed Jump Running.fbx using Guid(dae19c76657d137478b716975b39a65e) Importer(815301076,1909f56bfc062723c751e8b465ee728b)  -> (artifact id: '5f85bf1d3384bfaa8fe5fb88199c3685') in 0.013976 seconds 
  Import took 0.016821 seconds .

========================================================================
Received Import Request.
  Time since last request: 353.655101 seconds.
  path: Assets/Characters/Thief
  artifactKey: Guid(08936c9780b2ba745ac74f730474b6ad) Importer(815301076,1909f56bfc062723c751e8b465ee728b)
Start importing Assets/Characters/Thief using Guid(08936c9780b2ba745ac74f730474b6ad) Importer(815301076,1909f56bfc062723c751e8b465ee728b)  -> (artifact id: '63677387a0cef2c535414e20477ef6bd') in 0.006896 seconds 
  Import took 0.009211 seconds .

========================================================================
Received Import Request.
  Time since last request: 36.225482 seconds.
  path: Assets/Characters/Thief/Breathing Idle.anim
  artifactKey: Guid(ba83d50c67f1d14439bcbdda77320293) Importer(815301076,1909f56bfc062723c751e8b465ee728b)
Start importing Assets/Characters/Thief/Breathing Idle.anim using Guid(ba83d50c67f1d14439bcbdda77320293) Importer(815301076,1909f56bfc062723c751e8b465ee728b)  -> (artifact id: 'b6ca3bda7ef35cf9702a13f4099bed78') in 0.017886 seconds 
  Import took 0.020093 seconds .

========================================================================
Received Import Request.
  Time since last request: 7.444897 seconds.
  path: Assets/Characters/Thief/Ch24_nonPBR@Running Slide.fbx
  artifactKey: Guid(1b1a6047e2639df4da64972dc6e9408e) Importer(815301076,1909f56bfc062723c751e8b465ee728b)
Start importing Assets/Characters/Thief/Ch24_nonPBR@Running Slide.fbx using Guid(1b1a6047e2639df4da64972dc6e9408e) Importer(815301076,1909f56bfc062723c751e8b465ee728b)  -> (artifact id: '3a464c6b1fbdab37303c10398cb24e3c') in 0.013098 seconds 
  Import took 0.015729 seconds .

========================================================================
Received Import Request.
  Time since last request: 2.978311 seconds.
  path: Assets/Characters/Thief/Running Slide.anim
  artifactKey: Guid(805d1ae33c048c04e984bdb7a342d6dc) Importer(815301076,1909f56bfc062723c751e8b465ee728b)
Start importing Assets/Characters/Thief/Running Slide.anim using Guid(805d1ae33c048c04e984bdb7a342d6dc) Importer(815301076,1909f56bfc062723c751e8b465ee728b)  -> (artifact id: '3f4bf002debb5460d7c3260bbc917b7e') in 0.014094 seconds 
  Import took 0.016275 seconds .

========================================================================
Received Import Request.
  Time since last request: 5.271812 seconds.
  path: Assets/Characters/Thief/Ch24_nonPBR@Standard Run.fbx
  artifactKey: Guid(9279d2366f3b16e45b377c4da9092d1a) Importer(815301076,1909f56bfc062723c751e8b465ee728b)
Start importing Assets/Characters/Thief/Ch24_nonPBR@Standard Run.fbx using Guid(9279d2366f3b16e45b377c4da9092d1a) Importer(815301076,1909f56bfc062723c751e8b465ee728b)  -> (artifact id: '2804be913b20ac295141820f84c37907') in 0.326589 seconds 
  Import took 0.329352 seconds .

========================================================================
Received Import Request.
  Time since last request: 0.391874 seconds.
  path: Assets/Characters/Thief/Standard Run.anim
  artifactKey: Guid(7826b53e6c9959d48b948236ac330057) Importer(815301076,1909f56bfc062723c751e8b465ee728b)
Start importing Assets/Characters/Thief/Standard Run.anim using Guid(7826b53e6c9959d48b948236ac330057) Importer(815301076,1909f56bfc062723c751e8b465ee728b)  -> (artifact id: '56ab018488842b85aed4f0a05671e59b') in 0.013351 seconds 
  Import took 0.015571 seconds .

========================================================================
Received Import Request.
  Time since last request: 236.594497 seconds.
  path: Assets/Characters/Thief/Ch24_nonPBR@Stumble Backwards.fbx
  artifactKey: Guid(8bda22a82128b6b428cd76be265b6eb6) Importer(815301076,1909f56bfc062723c751e8b465ee728b)
Start importing Assets/Characters/Thief/Ch24_nonPBR@Stumble Backwards.fbx using Guid(8bda22a82128b6b428cd76be265b6eb6) Importer(815301076,1909f56bfc062723c751e8b465ee728b)  -> (artifact id: '6d0f8d8e74415a2b3dae54cedceece9f') in 0.011498 seconds 
  Import took 0.014253 seconds .

========================================================================
Received Import Request.
  Time since last request: 2.054685 seconds.
  path: Assets/Characters/Thief/Stumble Backwards.anim
  artifactKey: Guid(026665b2b942b3b489420ace06537e46) Importer(815301076,1909f56bfc062723c751e8b465ee728b)
Start importing Assets/Characters/Thief/Stumble Backwards.anim using Guid(026665b2b942b3b489420ace06537e46) Importer(815301076,1909f56bfc062723c751e8b465ee728b)  -> (artifact id: '6670eaff74475aa2def31267a7aded51') in 0.022507 seconds 
  Import took 0.024788 seconds .

========================================================================
Received Import Request.
  Time since last request: 10.873940 seconds.
  path: Assets/Characters/Thief/Unarmed Jump Running.anim
  artifactKey: Guid(91a31e1e23b09df4cab00b2ec1bd4b75) Importer(815301076,1909f56bfc062723c751e8b465ee728b)
Start importing Assets/Characters/Thief/Unarmed Jump Running.anim using Guid(91a31e1e23b09df4cab00b2ec1bd4b75) Importer(815301076,1909f56bfc062723c751e8b465ee728b)  -> (artifact id: '8156dcb47aa4ef20186e268d4d3d8a26') in 0.017630 seconds 
  Import took 0.020043 seconds .

========================================================================
Received Prepare
Registering precompiled user dll's ...
Registered in 0.109318 seconds.
Begin MonoManager ReloadAssembly
Native extension for WindowsStandalone target not found
Native extension for WebGL target not found
Refreshing native plugins compatible for Editor in 0.32 ms, found 2 plugins.
Preloading 0 native plugins for Editor in 0.00 ms.
Mono: successfully reloaded assembly
- Completed reload, in  0.831 seconds
Domain Reload Profiling:
	ReloadAssembly (832ms)
		BeginReloadAssembly (119ms)
			ExecutionOrderSort (0ms)
			DisableScriptedObjects (3ms)
			BackupInstance (0ms)
			ReleaseScriptingObjects (0ms)
			CreateAndSetChildDomain (41ms)
		EndReloadAssembly (664ms)
			LoadAssemblies (73ms)
			RebuildTransferFunctionScriptingTraits (0ms)
			SetupTypeCache (238ms)
			ReleaseScriptCaches (1ms)
			RebuildScriptCaches (32ms)
			SetupLoadedEditorAssemblies (238ms)
				LogAssemblyErrors (0ms)
				InitializePlatformSupportModulesInManaged (4ms)
				SetLoadedEditorAssemblies (0ms)
				RefreshPlugins (0ms)
				BeforeProcessingInitializeOnLoad (59ms)
				ProcessInitializeOnLoadAttributes (163ms)
				ProcessInitializeOnLoadMethodAttributes (7ms)
				AfterProcessingInitializeOnLoad (2ms)
				EditorAssembliesLoaded (0ms)
			ExecutionOrderSort2 (0ms)
			AwakeInstancesAfterBackupRestoration (5ms)
Platform modules already initialized, skipping
Refreshing native plugins compatible for Editor in 0.31 ms, found 2 plugins.
Preloading 0 native plugins for Editor in 0.00 ms.
Unloading 1497 Unused Serialized files (Serialized files now loaded: 0)
System memory in use before: 84.6 MB.
System memory in use after: 84.7 MB.

Unloading 14 unused Assets to reduce memory usage. Loaded Objects now: 1988.
Total: 2.339300 ms (FindLiveObjects: 0.123100 ms CreateObjectMapping: 0.037200 ms MarkObjects: 2.165200 ms  DeleteObjects: 0.013100 ms)

AssetImportParameters requested are different than current active one (requested -> active):
  custom:framework-win-MediaFoundation: 216162199b28c13a410421893ffa2e32 -> 
  custom:video-decoder-ogg-theora: a1e56fd34408186e4bbccfd4996cb3dc -> 
  custom:container-muxer-webm: aa71ff27fc2769a1b78a27578f13a17b -> 
  custom:container-demuxer-webm: 4f35f7cbe854078d1ac9338744f61a02 -> 
  custom:container-demuxer-ogg: 62fdf1f143b41e24485cea50d1cbac27 -> 
  custom:video-encoder-webm-vp8: eb34c28f22e8b96e1ab97ce403110664 -> 
  custom:video-decoder-webm-vp8: 9c59270c3fd7afecdb556c50c9e8de78 -> 
  custom:audio-decoder-ogg-vorbis: bf7c407c2cedff20999df2af8eb42d56 -> 
  custom:audio-encoder-webm-vorbis: bf7c407c2cedff20999df2af8eb42d56 -> 
AssetImportWorkerClient::OnTransportError - code=2 error=End of file
